SonarQube plugins:
  - Python Code Quality and Security 2.13.0.7236 (python)
  - SonarCSS 1.2.0.1325 (cssfamily)
  - JaCoCo 1.1.0.898 (jacoco)
  - SonarGo 1.6.0.719 (go)
  - SonarKotlin 1.5.0.315 (kotlin)
  - Svn 1.10.0.1917 (scmsvn)
  - SonarJS 6.2.1.12157 (javascript)
  - SonarRuby 1.5.0.315 (ruby)
  - SonarScala 1.5.0.315 (sonarscala)
  - C# Code Quality and Security 8.9.0.19135 (csharp)
  - Java Code Quality and Security 6.5.1.22586 (java)
  - SonarHTML 3.2.0.2082 (web)
  - Git 1.12.0.2034 (scmgit)
  - SonarFlex 2.5.1.1831 (flex)
  - SonarXML 2.0.1.2020 (xml)
  - PHP Code Quality and Security 3.5.0.5655 (php)
  - SonarTS 2.1.0.4359 (typescript)
  - VB.NET Code Quality and Security 8.9.0.19135 (vbnet)
Global server settings:
  - sonar.core.id=BF41A1F2-AXNtBGdeq5unr7-7GQ0W
  - sonar.core.startTime=2020-07-26T02:52:45+0000
Project server settings:
Project scanner properties:
  - sonar.dynamicAnalysis=reuseReports
  - sonar.exclusions=**/node_modules/*/**
  - sonar.host.url=http://localhost:9000
  - sonar.javascript.lcov.reportPaths=reports/coverage/lcov.info
  - sonar.log.level=DEBUG
  - sonar.projectBaseDir=D:\Sergio\repositorios\nodegroup2\ProyectoConTesting
  - sonar.projectKey=nodejs_curso
  - sonar.projectName=NodeJS Curso
  - sonar.scanner.app=ScannerCli
  - sonar.scanner.appVersion=4.2.0.1873
  - sonar.source=src
  - sonar.sourceEncoding=UTF-8
  - sonar.test.inclusions=test/**/*.spec.ts
  - sonar.testExecutionReportPaths=coverage/test-reporter.xml
  - sonar.tests=src
  - sonar.verbose=true
  - sonar.working.directory=D:\Sergio\repositorios\nodegroup2\ProyectoConTesting\.scannerwork
